==262114== Memcheck, a memory error detector
==262114== Copyright (C) 2002-2017, and GNU GPL'd, by Julian Seward et al.
==262114== Using Valgrind-3.15.0 and LibVEX; rerun with -h for copyright info
==262114== Command: ./minishell
==262114== Parent PID: 262104
==262114== 
==262114== 
==262114== HEAP SUMMARY:
==262114==     in use at exit: 204,761 bytes in 226 blocks
==262114==   total heap usage: 459 allocs, 233 frees, 225,525 bytes allocated
==262114== 
==262114== 18 bytes in 2 blocks are definitely lost in loss record 9 of 64
==262114==    at 0x483B7F3: malloc (in /usr/lib/x86_64-linux-gnu/valgrind/vgpreload_memcheck-amd64-linux.so)
==262114==    by 0x401431: initialize_lists (prompt.c:30)
==262114==    by 0x401484: prompt (prompt.c:42)
==262114==    by 0x401363: main (main.c:19)
==262114== 
==262114== 18 bytes in 2 blocks are definitely lost in loss record 10 of 64
==262114==    at 0x483B7F3: malloc (in /usr/lib/x86_64-linux-gnu/valgrind/vgpreload_memcheck-amd64-linux.so)
==262114==    by 0x401445: initialize_lists (prompt.c:31)
==262114==    by 0x401484: prompt (prompt.c:42)
==262114==    by 0x401363: main (main.c:19)
==262114== 
==262114== LEAK SUMMARY:
==262114==    definitely lost: 36 bytes in 4 blocks
==262114==    indirectly lost: 0 bytes in 0 blocks
==262114==      possibly lost: 0 bytes in 0 blocks
==262114==    still reachable: 0 bytes in 0 blocks
==262114==         suppressed: 204,725 bytes in 222 blocks
==262114== 
==262114== ERROR SUMMARY: 2 errors from 2 contexts (suppressed: 0 from 0)
--262114-- 
--262114-- used_suppression:     62 ignore_libreadline_memory_errors readline.supp:2 suppressed: 204,725 bytes in 222 blocks
==262114== 
==262114== ERROR SUMMARY: 2 errors from 2 contexts (suppressed: 0 from 0)
